2019-09-24 00:01:25.859 [Thread-17] INFO  o.s.b.w.s.c.AnnotationConfigServletWebServerApplicationContext - Closing org.springframework.boot.web.servlet.context.AnnotationConfigServletWebServerApplicationContext@6ded5e02: startup date [Mon Sep 23 23:58:29 CST 2019]; root of context hierarchy
2019-09-24 00:01:25.902 [Thread-17] INFO  o.s.jmx.export.annotation.AnnotationMBeanExporter - Unregistering JMX-exposed beans on shutdown
2019-09-24 00:01:25.905 [Thread-17] INFO  o.s.jmx.export.annotation.AnnotationMBeanExporter - Unregistering JMX-exposed beans
2019-09-24 00:01:25.910 [Thread-17] INFO  com.alibaba.druid.pool.DruidDataSource - {dataSource-1} closed
2019-09-24 00:01:26.640 [restartedMain] INFO  com.synway.ApplicationContext - Starting ApplicationContext on DESKTOP-DC9F2O0 with PID 14512 (F:\program\videoserver\target\classes started by mx in F:\program\videoserver)
2019-09-24 00:01:26.641 [restartedMain] INFO  com.synway.ApplicationContext - No active profile set, falling back to default profiles: default
2019-09-24 00:01:26.645 [restartedMain] INFO  o.s.b.w.s.c.AnnotationConfigServletWebServerApplicationContext - Refreshing org.springframework.boot.web.servlet.context.AnnotationConfigServletWebServerApplicationContext@5f62465f: startup date [Tue Sep 24 00:01:26 CST 2019]; root of context hierarchy
2019-09-24 00:01:27.379 [restartedMain] INFO  o.s.d.r.config.RepositoryConfigurationDelegate - Multiple Spring Data modules found, entering strict repository configuration mode!
2019-09-24 00:01:27.545 [restartedMain] INFO  o.s.c.s.PostProcessorRegistrationDelegate$BeanPostProcessorChecker - Bean 'org.springframework.transaction.annotation.ProxyTransactionManagementConfiguration' of type [org.springframework.transaction.annotation.ProxyTransactionManagementConfiguration$$EnhancerBySpringCGLIB$$f4107a92] is not eligible for getting processed by all BeanPostProcessors (for example: not eligible for auto-proxying)
2019-09-24 00:01:27.812 [restartedMain] INFO  o.s.boot.web.embedded.tomcat.TomcatWebServer - Tomcat initialized with port(s): 8777 (http)
2019-09-24 00:01:27.813 [restartedMain] INFO  org.apache.coyote.http11.Http11NioProtocol - Initializing ProtocolHandler ["http-nio-8777"]
2019-09-24 00:01:27.813 [restartedMain] INFO  org.apache.catalina.core.StandardService - Starting service [Tomcat]
2019-09-24 00:01:27.814 [restartedMain] INFO  org.apache.catalina.core.StandardEngine - Starting Servlet Engine: Apache Tomcat/8.5.31
2019-09-24 00:01:27.905 [localhost-startStop-1] INFO  o.a.c.c.C.[Tomcat].[localhost].[/video-server] - Initializing Spring embedded WebApplicationContext
2019-09-24 00:01:27.906 [localhost-startStop-1] INFO  org.springframework.web.context.ContextLoader - Root WebApplicationContext: initialization completed in 1261 ms
2019-09-24 00:01:27.950 [localhost-startStop-1] INFO  o.s.boot.web.servlet.ServletRegistrationBean - Servlet dispatcherServlet mapped to [/]
2019-09-24 00:01:27.950 [localhost-startStop-1] INFO  o.s.boot.web.servlet.FilterRegistrationBean - Mapping filter: 'characterEncodingFilter' to: [/*]
2019-09-24 00:01:27.951 [localhost-startStop-1] INFO  o.s.boot.web.servlet.FilterRegistrationBean - Mapping filter: 'hiddenHttpMethodFilter' to: [/*]
2019-09-24 00:01:27.951 [localhost-startStop-1] INFO  o.s.boot.web.servlet.FilterRegistrationBean - Mapping filter: 'httpPutFormContentFilter' to: [/*]
2019-09-24 00:01:27.951 [localhost-startStop-1] INFO  o.s.boot.web.servlet.FilterRegistrationBean - Mapping filter: 'requestContextFilter' to: [/*]
2019-09-24 00:01:28.197 [restartedMain] INFO  o.s.web.servlet.handler.SimpleUrlHandlerMapping - Mapped URL path [/**/favicon.ico] onto handler of type [class org.springframework.web.servlet.resource.ResourceHttpRequestHandler]
2019-09-24 00:01:28.288 [restartedMain] INFO  o.s.w.s.m.m.a.RequestMappingHandlerAdapter - Looking for @ControllerAdvice: org.springframework.boot.web.servlet.context.AnnotationConfigServletWebServerApplicationContext@5f62465f: startup date [Tue Sep 24 00:01:26 CST 2019]; root of context hierarchy
2019-09-24 00:01:28.312 [restartedMain] INFO  o.s.w.s.m.m.a.RequestMappingHandlerMapping - Mapped "{[/admin/api/v1/video/update_by_id],methods=[PUT]}" onto public java.lang.Object com.synway.controller.admin.VideoAdminController.update(com.synway.domain.Video)
2019-09-24 00:01:28.313 [restartedMain] INFO  o.s.w.s.m.m.a.RequestMappingHandlerMapping - Mapped "{[/admin/api/v1/video/save],methods=[POST]}" onto public java.lang.Object com.synway.controller.admin.VideoAdminController.save(com.synway.domain.Video)
2019-09-24 00:01:28.313 [restartedMain] INFO  o.s.w.s.m.m.a.RequestMappingHandlerMapping - Mapped "{[/admin/api/v1/video/del_by_id],methods=[DELETE]}" onto public java.lang.Object com.synway.controller.admin.VideoAdminController.delById(int)
2019-09-24 00:01:28.314 [restartedMain] INFO  o.s.w.s.m.m.a.RequestMappingHandlerMapping - Mapped "{[/user/api/v1/order/add],methods=[GET]}" onto public void com.synway.controller.OrderController.saveOrder(int,javax.servlet.http.HttpServletRequest,javax.servlet.http.HttpServletResponse) throws java.lang.Exception
2019-09-24 00:01:28.314 [restartedMain] INFO  o.s.w.s.m.m.a.RequestMappingHandlerMapping - Mapped "{[/api/v1/video/find_by_id],methods=[GET]}" onto public java.lang.Object com.synway.controller.VideoController.findBuId(int)
2019-09-24 00:01:28.314 [restartedMain] INFO  o.s.w.s.m.m.a.RequestMappingHandlerMapping - Mapped "{[/api/v1/video/page]}" onto public java.lang.Object com.synway.controller.VideoController.pageVideo(int,int)
2019-09-24 00:01:28.316 [restartedMain] INFO  o.s.w.s.m.m.a.RequestMappingHandlerMapping - Mapped "{[/api/v1/wechat/user/callback],methods=[GET]}" onto public void com.synway.controller.WechatController.wechatUserCallback(java.lang.String,java.lang.String,javax.servlet.http.HttpServletResponse) throws java.io.IOException
2019-09-24 00:01:28.316 [restartedMain] INFO  o.s.w.s.m.m.a.RequestMappingHandlerMapping - Mapped "{[/api/v1/wechat/login_url],methods=[GET]}" onto public com.synway.utils.JsonData com.synway.controller.WechatController.loginUrl(java.lang.String) throws java.io.UnsupportedEncodingException
2019-09-24 00:01:28.316 [restartedMain] INFO  o.s.w.s.m.m.a.RequestMappingHandlerMapping - Mapped "{[/api/v1/wechat/order/callback]}" onto public void com.synway.controller.WechatController.orderCallback(javax.servlet.http.HttpServletRequest,javax.servlet.http.HttpServletResponse) throws java.lang.Exception
2019-09-24 00:01:28.317 [restartedMain] INFO  o.s.w.s.m.m.a.RequestMappingHandlerMapping - Mapped "{[/test]}" onto public java.lang.String com.synway.test.TestController.test()
2019-09-24 00:01:28.317 [restartedMain] INFO  o.s.w.s.m.m.a.RequestMappingHandlerMapping - Mapped "{[/test_db]}" onto public com.synway.utils.JsonData com.synway.test.TestController.testDB()
2019-09-24 00:01:28.319 [restartedMain] INFO  o.s.w.s.m.m.a.RequestMappingHandlerMapping - Mapped "{[/error]}" onto public org.springframework.http.ResponseEntity<java.util.Map<java.lang.String, java.lang.Object>> org.springframework.boot.autoconfigure.web.servlet.error.BasicErrorController.error(javax.servlet.http.HttpServletRequest)
2019-09-24 00:01:28.319 [restartedMain] INFO  o.s.w.s.m.m.a.RequestMappingHandlerMapping - Mapped "{[/error],produces=[text/html]}" onto public org.springframework.web.servlet.ModelAndView org.springframework.boot.autoconfigure.web.servlet.error.BasicErrorController.errorHtml(javax.servlet.http.HttpServletRequest,javax.servlet.http.HttpServletResponse)
2019-09-24 00:01:28.337 [restartedMain] INFO  o.s.web.servlet.handler.SimpleUrlHandlerMapping - Mapped URL path [/webjars/**] onto handler of type [class org.springframework.web.servlet.resource.ResourceHttpRequestHandler]
2019-09-24 00:01:28.338 [restartedMain] INFO  o.s.web.servlet.handler.SimpleUrlHandlerMapping - Mapped URL path [/**] onto handler of type [class org.springframework.web.servlet.resource.ResourceHttpRequestHandler]
2019-09-24 00:01:28.349 [restartedMain] INFO  o.s.w.s.m.m.a.ExceptionHandlerExceptionResolver - Detected @ExceptionHandler methods in ythExceptionHandler
2019-09-24 00:01:28.467 [restartedMain] INFO  o.s.b.d.autoconfigure.OptionalLiveReloadServer - LiveReload server is running on port 35729
2019-09-24 00:01:28.495 [restartedMain] INFO  o.s.jmx.export.annotation.AnnotationMBeanExporter - Registering beans for JMX exposure on startup
2019-09-24 00:01:28.496 [restartedMain] INFO  o.s.jmx.export.annotation.AnnotationMBeanExporter - Bean with name 'dataSource' has been autodetected for JMX exposure
2019-09-24 00:01:28.504 [restartedMain] INFO  o.s.jmx.export.annotation.AnnotationMBeanExporter - Located MBean 'dataSource': registering with JMX server as MBean [com.alibaba.druid.pool:name=dataSource,type=DruidDataSource]
2019-09-24 00:01:28.511 [restartedMain] INFO  org.apache.coyote.http11.Http11NioProtocol - Starting ProtocolHandler ["http-nio-8777"]
2019-09-24 00:01:28.517 [restartedMain] INFO  org.apache.tomcat.util.net.NioSelectorPool - Using a shared selector for servlet write/read
2019-09-24 00:01:28.534 [restartedMain] INFO  o.s.boot.web.embedded.tomcat.TomcatWebServer - Tomcat started on port(s): 8777 (http) with context path '/video-server'
2019-09-24 00:01:28.535 [restartedMain] INFO  com.synway.ApplicationContext - Started ApplicationContext in 1.968 seconds (JVM running for 182.04)
2019-09-24 00:01:28.540 [restartedMain] INFO  o.s.b.d.a.ConditionEvaluationDeltaLoggingListener - Condition evaluation unchanged
2019-09-24 10:35:30.828 [restartedMain] INFO  com.synway.ApplicationContext - Starting ApplicationContext on DESKTOP-DC9F2O0 with PID 5500 (F:\program\videoserver\target\classes started by mx in F:\program\videoserver)
2019-09-24 10:35:30.830 [restartedMain] INFO  com.synway.ApplicationContext - No active profile set, falling back to default profiles: default
2019-09-24 10:35:30.932 [restartedMain] INFO  o.s.b.w.s.c.AnnotationConfigServletWebServerApplicationContext - Refreshing org.springframework.boot.web.servlet.context.AnnotationConfigServletWebServerApplicationContext@5760e99a: startup date [Tue Sep 24 10:35:30 CST 2019]; root of context hierarchy
2019-09-24 10:35:32.506 [restartedMain] INFO  o.s.d.r.config.RepositoryConfigurationDelegate - Multiple Spring Data modules found, entering strict repository configuration mode!
2019-09-24 10:35:33.047 [restartedMain] INFO  o.s.c.s.PostProcessorRegistrationDelegate$BeanPostProcessorChecker - Bean 'org.springframework.transaction.annotation.ProxyTransactionManagementConfiguration' of type [org.springframework.transaction.annotation.ProxyTransactionManagementConfiguration$$EnhancerBySpringCGLIB$$b22df0af] is not eligible for getting processed by all BeanPostProcessors (for example: not eligible for auto-proxying)
2019-09-24 10:35:33.578 [restartedMain] INFO  o.s.boot.web.embedded.tomcat.TomcatWebServer - Tomcat initialized with port(s): 8777 (http)
2019-09-24 10:35:33.600 [restartedMain] INFO  org.apache.coyote.http11.Http11NioProtocol - Initializing ProtocolHandler ["http-nio-8777"]
2019-09-24 10:35:33.611 [restartedMain] INFO  org.apache.catalina.core.StandardService - Starting service [Tomcat]
2019-09-24 10:35:33.612 [restartedMain] INFO  org.apache.catalina.core.StandardEngine - Starting Servlet Engine: Apache Tomcat/8.5.31
2019-09-24 10:35:33.621 [localhost-startStop-1] INFO  org.apache.catalina.core.AprLifecycleListener - The APR based Apache Tomcat Native library which allows optimal performance in production environments was not found on the java.library.path: [C:\Program Files\Java\jdk1.8.0_201\bin;C:\WINDOWS\Sun\Java\bin;C:\WINDOWS\system32;C:\WINDOWS;C:\Program Files (x86)\Common Files\NetSarang;C:\Program Files (x86)\Common Files\Oracle\Java\javapath;C:\Windows\system32;C:\Windows;C:\Windows\System32\Wbem;C:\Windows\System32\WindowsPowerShell\v1.0\;C:\Program Files (x86)\NVIDIA Corporation\PhysX\Common;C:\Program Files\NVIDIA Corporation\NVIDIA NvDLISR;C:\WINDOWS\system32;C:\WINDOWS;C:\WINDOWS\System32\Wbem;C:\WINDOWS\System32\WindowsPowerShell\v1.0\;C:\WINDOWS\System32\OpenSSH\;G:\enviroment\apache-maven-3.6.0-bin\apache-maven-3.6.0\bin;F:\Program Files\Git\cmd;C:\Program Files\nodejs\;C:\Program Files (x86)\Common Files\Thunder Network\KanKan\Codecs;C:\Program Files (x86)\Microsoft SQL Server\110\Tools\Binn\;C:\Program Files\Microsoft SQL Server\110\Tools\Binn\;C:\Program Files\Microsoft SQL Server\110\DTS\Binn\;C:\Program Files (x86)\Microsoft SQL Server\110\Tools\Binn\ManagementStudio\;C:\Program Files (x86)\Microsoft Visual Studio 10.0\Common7\IDE\PrivateAssemblies\;C:\Program Files (x86)\Microsoft SQL Server\110\DTS\Binn\;C:\Program Files\TortoiseGit\bin;C:\Users\mx\AppData\Local\Microsoft\WindowsApps;C:\Users\mx\AppData\Roaming\npm;C:\Program Files\nodejs;C:\Users\mx\AppData\Local\GitHubDesktop\bin;.]
2019-09-24 10:35:33.836 [localhost-startStop-1] INFO  o.a.c.c.C.[Tomcat].[localhost].[/video-server] - Initializing Spring embedded WebApplicationContext
2019-09-24 10:35:33.836 [localhost-startStop-1] INFO  org.springframework.web.context.ContextLoader - Root WebApplicationContext: initialization completed in 2905 ms
2019-09-24 10:35:34.051 [localhost-startStop-1] INFO  o.s.boot.web.servlet.ServletRegistrationBean - Servlet dispatcherServlet mapped to [/]
2019-09-24 10:35:34.057 [localhost-startStop-1] INFO  o.s.boot.web.servlet.FilterRegistrationBean - Mapping filter: 'characterEncodingFilter' to: [/*]
2019-09-24 10:35:34.058 [localhost-startStop-1] INFO  o.s.boot.web.servlet.FilterRegistrationBean - Mapping filter: 'hiddenHttpMethodFilter' to: [/*]
2019-09-24 10:35:34.058 [localhost-startStop-1] INFO  o.s.boot.web.servlet.FilterRegistrationBean - Mapping filter: 'httpPutFormContentFilter' to: [/*]
2019-09-24 10:35:34.058 [localhost-startStop-1] INFO  o.s.boot.web.servlet.FilterRegistrationBean - Mapping filter: 'requestContextFilter' to: [/*]
2019-09-24 10:35:34.693 [restartedMain] INFO  o.s.web.servlet.handler.SimpleUrlHandlerMapping - Mapped URL path [/**/favicon.ico] onto handler of type [class org.springframework.web.servlet.resource.ResourceHttpRequestHandler]
2019-09-24 10:35:35.006 [restartedMain] INFO  o.s.w.s.m.m.a.RequestMappingHandlerAdapter - Looking for @ControllerAdvice: org.springframework.boot.web.servlet.context.AnnotationConfigServletWebServerApplicationContext@5760e99a: startup date [Tue Sep 24 10:35:30 CST 2019]; root of context hierarchy
2019-09-24 10:35:35.112 [restartedMain] INFO  o.s.w.s.m.m.a.RequestMappingHandlerMapping - Mapped "{[/admin/api/v1/video/update_by_id],methods=[PUT]}" onto public java.lang.Object com.synway.controller.admin.VideoAdminController.update(com.synway.domain.Video)
2019-09-24 10:35:35.113 [restartedMain] INFO  o.s.w.s.m.m.a.RequestMappingHandlerMapping - Mapped "{[/admin/api/v1/video/save],methods=[POST]}" onto public java.lang.Object com.synway.controller.admin.VideoAdminController.save(com.synway.domain.Video)
2019-09-24 10:35:35.114 [restartedMain] INFO  o.s.w.s.m.m.a.RequestMappingHandlerMapping - Mapped "{[/admin/api/v1/video/del_by_id],methods=[DELETE]}" onto public java.lang.Object com.synway.controller.admin.VideoAdminController.delById(int)
2019-09-24 10:35:35.115 [restartedMain] INFO  o.s.w.s.m.m.a.RequestMappingHandlerMapping - Mapped "{[/user/api/v1/order/add],methods=[GET]}" onto public void com.synway.controller.OrderController.saveOrder(int,javax.servlet.http.HttpServletRequest,javax.servlet.http.HttpServletResponse) throws java.lang.Exception
2019-09-24 10:35:35.117 [restartedMain] INFO  o.s.w.s.m.m.a.RequestMappingHandlerMapping - Mapped "{[/api/v1/video/find_by_id],methods=[GET]}" onto public java.lang.Object com.synway.controller.VideoController.findBuId(int)
2019-09-24 10:35:35.117 [restartedMain] INFO  o.s.w.s.m.m.a.RequestMappingHandlerMapping - Mapped "{[/api/v1/video/page]}" onto public java.lang.Object com.synway.controller.VideoController.pageVideo(int,int)
2019-09-24 10:35:35.119 [restartedMain] INFO  o.s.w.s.m.m.a.RequestMappingHandlerMapping - Mapped "{[/api/v1/wechat/user/callback],methods=[GET]}" onto public void com.synway.controller.WechatController.wechatUserCallback(java.lang.String,java.lang.String,javax.servlet.http.HttpServletResponse) throws java.io.IOException
2019-09-24 10:35:35.120 [restartedMain] INFO  o.s.w.s.m.m.a.RequestMappingHandlerMapping - Mapped "{[/api/v1/wechat/order/callback]}" onto public void com.synway.controller.WechatController.orderCallback(javax.servlet.http.HttpServletRequest,javax.servlet.http.HttpServletResponse) throws java.lang.Exception
2019-09-24 10:35:35.120 [restartedMain] INFO  o.s.w.s.m.m.a.RequestMappingHandlerMapping - Mapped "{[/api/v1/wechat/login_url],methods=[GET]}" onto public com.synway.utils.JsonData com.synway.controller.WechatController.loginUrl(java.lang.String) throws java.io.UnsupportedEncodingException
2019-09-24 10:35:35.121 [restartedMain] INFO  o.s.w.s.m.m.a.RequestMappingHandlerMapping - Mapped "{[/test]}" onto public java.lang.String com.synway.test.TestController.test()
2019-09-24 10:35:35.121 [restartedMain] INFO  o.s.w.s.m.m.a.RequestMappingHandlerMapping - Mapped "{[/test_db]}" onto public com.synway.utils.JsonData com.synway.test.TestController.testDB()
2019-09-24 10:35:35.123 [restartedMain] INFO  o.s.w.s.m.m.a.RequestMappingHandlerMapping - Mapped "{[/error]}" onto public org.springframework.http.ResponseEntity<java.util.Map<java.lang.String, java.lang.Object>> org.springframework.boot.autoconfigure.web.servlet.error.BasicErrorController.error(javax.servlet.http.HttpServletRequest)
2019-09-24 10:35:35.124 [restartedMain] INFO  o.s.w.s.m.m.a.RequestMappingHandlerMapping - Mapped "{[/error],produces=[text/html]}" onto public org.springframework.web.servlet.ModelAndView org.springframework.boot.autoconfigure.web.servlet.error.BasicErrorController.errorHtml(javax.servlet.http.HttpServletRequest,javax.servlet.http.HttpServletResponse)
2019-09-24 10:35:35.162 [restartedMain] INFO  o.s.web.servlet.handler.SimpleUrlHandlerMapping - Mapped URL path [/webjars/**] onto handler of type [class org.springframework.web.servlet.resource.ResourceHttpRequestHandler]
2019-09-24 10:35:35.162 [restartedMain] INFO  o.s.web.servlet.handler.SimpleUrlHandlerMapping - Mapped URL path [/**] onto handler of type [class org.springframework.web.servlet.resource.ResourceHttpRequestHandler]
2019-09-24 10:35:35.185 [restartedMain] INFO  o.s.w.s.m.m.a.ExceptionHandlerExceptionResolver - Detected @ExceptionHandler methods in ythExceptionHandler
2019-09-24 10:35:36.109 [restartedMain] INFO  o.s.b.d.autoconfigure.OptionalLiveReloadServer - LiveReload server is running on port 35729
2019-09-24 10:35:36.148 [restartedMain] INFO  o.s.jmx.export.annotation.AnnotationMBeanExporter - Registering beans for JMX exposure on startup
2019-09-24 10:35:36.150 [restartedMain] INFO  o.s.jmx.export.annotation.AnnotationMBeanExporter - Bean with name 'dataSource' has been autodetected for JMX exposure
2019-09-24 10:35:36.156 [restartedMain] INFO  o.s.jmx.export.annotation.AnnotationMBeanExporter - Located MBean 'dataSource': registering with JMX server as MBean [com.alibaba.druid.pool:name=dataSource,type=DruidDataSource]
2019-09-24 10:35:36.170 [restartedMain] INFO  org.apache.coyote.http11.Http11NioProtocol - Starting ProtocolHandler ["http-nio-8777"]
2019-09-24 10:35:36.189 [restartedMain] INFO  org.apache.tomcat.util.net.NioSelectorPool - Using a shared selector for servlet write/read
2019-09-24 10:35:36.216 [restartedMain] INFO  o.s.boot.web.embedded.tomcat.TomcatWebServer - Tomcat started on port(s): 8777 (http) with context path '/video-server'
2019-09-24 10:35:36.222 [restartedMain] INFO  com.synway.ApplicationContext - Started ApplicationContext in 5.965 seconds (JVM running for 11.259)
2019-09-24 10:35:56.972 [http-nio-8777-exec-1] INFO  o.a.c.c.C.[Tomcat].[localhost].[/video-server] - Initializing Spring FrameworkServlet 'dispatcherServlet'
2019-09-24 10:35:56.972 [http-nio-8777-exec-1] INFO  org.springframework.web.servlet.DispatcherServlet - FrameworkServlet 'dispatcherServlet': initialization started
2019-09-24 10:35:57.017 [http-nio-8777-exec-1] INFO  org.springframework.web.servlet.DispatcherServlet - FrameworkServlet 'dispatcherServlet': initialization completed in 45 ms
2019-09-24 11:00:51.937 [http-nio-8777-exec-6] INFO  com.alibaba.druid.pool.DruidDataSource - {dataSource-1} inited
