2019-09-30 17:09:36.788 [restartedMain] INFO  com.synway.ApplicationContext - Starting ApplicationContext on DESKTOP-DC9F2O0 with PID 21372 (F:\program\videoserver\target\classes started by mx in F:\program\videoserver)
2019-09-30 17:09:36.794 [restartedMain] INFO  com.synway.ApplicationContext - No active profile set, falling back to default profiles: default
2019-09-30 17:09:37.111 [restartedMain] INFO  o.s.b.w.s.c.AnnotationConfigServletWebServerApplicationContext - Refreshing org.springframework.boot.web.servlet.context.AnnotationConfigServletWebServerApplicationContext@203305f4: startup date [Mon Sep 30 17:09:37 CST 2019]; root of context hierarchy
2019-09-30 17:09:40.323 [restartedMain] INFO  o.s.d.r.config.RepositoryConfigurationDelegate - Multiple Spring Data modules found, entering strict repository configuration mode!
2019-09-30 17:09:41.145 [restartedMain] INFO  o.s.c.s.PostProcessorRegistrationDelegate$BeanPostProcessorChecker - Bean 'org.springframework.transaction.annotation.ProxyTransactionManagementConfiguration' of type [org.springframework.transaction.annotation.ProxyTransactionManagementConfiguration$$EnhancerBySpringCGLIB$$21cdc0c7] is not eligible for getting processed by all BeanPostProcessors (for example: not eligible for auto-proxying)
2019-09-30 17:09:41.908 [restartedMain] INFO  o.s.boot.web.embedded.tomcat.TomcatWebServer - Tomcat initialized with port(s): 8777 (http)
2019-09-30 17:09:41.944 [restartedMain] INFO  org.apache.coyote.http11.Http11NioProtocol - Initializing ProtocolHandler ["http-nio-8777"]
2019-09-30 17:09:41.966 [restartedMain] INFO  org.apache.catalina.core.StandardService - Starting service [Tomcat]
2019-09-30 17:09:41.967 [restartedMain] INFO  org.apache.catalina.core.StandardEngine - Starting Servlet Engine: Apache Tomcat/8.5.31
2019-09-30 17:09:41.988 [localhost-startStop-1] INFO  org.apache.catalina.core.AprLifecycleListener - The APR based Apache Tomcat Native library which allows optimal performance in production environments was not found on the java.library.path: [C:\Program Files\Java\jdk1.8.0_201\bin;C:\WINDOWS\Sun\Java\bin;C:\WINDOWS\system32;C:\WINDOWS;C:\Program Files (x86)\Common Files\NetSarang;C:\Program Files (x86)\Common Files\Oracle\Java\javapath;C:\Windows\system32;C:\Windows;C:\Windows\System32\Wbem;C:\Windows\System32\WindowsPowerShell\v1.0\;C:\Program Files (x86)\NVIDIA Corporation\PhysX\Common;C:\Program Files\NVIDIA Corporation\NVIDIA NvDLISR;C:\WINDOWS\system32;C:\WINDOWS;C:\WINDOWS\System32\Wbem;C:\WINDOWS\System32\WindowsPowerShell\v1.0\;C:\WINDOWS\System32\OpenSSH\;G:\enviroment\apache-maven-3.6.0-bin\apache-maven-3.6.0\bin;F:\Program Files\Git\cmd;C:\Program Files\nodejs\;C:\Program Files (x86)\Common Files\Thunder Network\KanKan\Codecs;C:\Program Files (x86)\Microsoft SQL Server\110\Tools\Binn\;C:\Program Files\Microsoft SQL Server\110\Tools\Binn\;C:\Program Files\Microsoft SQL Server\110\DTS\Binn\;C:\Program Files (x86)\Microsoft SQL Server\110\Tools\Binn\ManagementStudio\;C:\Program Files (x86)\Microsoft Visual Studio 10.0\Common7\IDE\PrivateAssemblies\;C:\Program Files (x86)\Microsoft SQL Server\110\DTS\Binn\;C:\Program Files\TortoiseGit\bin;C:\Users\mx\AppData\Local\Microsoft\WindowsApps;C:\Users\mx\AppData\Roaming\npm;C:\Program Files\nodejs;C:\Users\mx\AppData\Local\GitHubDesktop\bin;.]
2019-09-30 17:09:42.496 [localhost-startStop-1] INFO  o.a.c.c.C.[Tomcat].[localhost].[/video-server] - Initializing Spring embedded WebApplicationContext
2019-09-30 17:09:42.497 [localhost-startStop-1] INFO  org.springframework.web.context.ContextLoader - Root WebApplicationContext: initialization completed in 5386 ms
2019-09-30 17:09:42.847 [localhost-startStop-1] INFO  o.s.boot.web.servlet.ServletRegistrationBean - Servlet dispatcherServlet mapped to [/]
2019-09-30 17:09:42.875 [localhost-startStop-1] INFO  o.s.boot.web.servlet.FilterRegistrationBean - Mapping filter: 'characterEncodingFilter' to: [/*]
2019-09-30 17:09:42.876 [localhost-startStop-1] INFO  o.s.boot.web.servlet.FilterRegistrationBean - Mapping filter: 'hiddenHttpMethodFilter' to: [/*]
2019-09-30 17:09:42.876 [localhost-startStop-1] INFO  o.s.boot.web.servlet.FilterRegistrationBean - Mapping filter: 'httpPutFormContentFilter' to: [/*]
2019-09-30 17:09:42.876 [localhost-startStop-1] INFO  o.s.boot.web.servlet.FilterRegistrationBean - Mapping filter: 'requestContextFilter' to: [/*]
2019-09-30 17:09:43.849 [restartedMain] INFO  o.s.web.servlet.handler.SimpleUrlHandlerMapping - Mapped URL path [/**/favicon.ico] onto handler of type [class org.springframework.web.servlet.resource.ResourceHttpRequestHandler]
2019-09-30 17:09:44.258 [restartedMain] INFO  o.s.w.s.m.m.a.RequestMappingHandlerAdapter - Looking for @ControllerAdvice: org.springframework.boot.web.servlet.context.AnnotationConfigServletWebServerApplicationContext@203305f4: startup date [Mon Sep 30 17:09:37 CST 2019]; root of context hierarchy
2019-09-30 17:09:44.380 [restartedMain] INFO  o.s.w.s.m.m.a.RequestMappingHandlerMapping - Mapped "{[/admin/api/v1/video/update_by_id],methods=[PUT]}" onto public java.lang.Object com.synway.controller.admin.VideoAdminController.update(com.synway.domain.Video)
2019-09-30 17:09:44.382 [restartedMain] INFO  o.s.w.s.m.m.a.RequestMappingHandlerMapping - Mapped "{[/admin/api/v1/video/save],methods=[POST]}" onto public java.lang.Object com.synway.controller.admin.VideoAdminController.save(com.synway.domain.Video)
2019-09-30 17:09:44.382 [restartedMain] INFO  o.s.w.s.m.m.a.RequestMappingHandlerMapping - Mapped "{[/admin/api/v1/video/del_by_id],methods=[DELETE]}" onto public java.lang.Object com.synway.controller.admin.VideoAdminController.delById(int)
2019-09-30 17:09:44.383 [restartedMain] INFO  o.s.w.s.m.m.a.RequestMappingHandlerMapping - Mapped "{[/user/api/v1/order/add],methods=[GET]}" onto public void com.synway.controller.OrderController.saveOrder(int,javax.servlet.http.HttpServletRequest,javax.servlet.http.HttpServletResponse) throws java.lang.Exception
2019-09-30 17:09:44.385 [restartedMain] INFO  o.s.w.s.m.m.a.RequestMappingHandlerMapping - Mapped "{[/api/v1/video/page]}" onto public java.lang.Object com.synway.controller.VideoController.pageVideo(int,int)
2019-09-30 17:09:44.385 [restartedMain] INFO  o.s.w.s.m.m.a.RequestMappingHandlerMapping - Mapped "{[/api/v1/video/find_by_id],methods=[GET]}" onto public java.lang.Object com.synway.controller.VideoController.findBuId(int)
2019-09-30 17:09:44.386 [restartedMain] INFO  o.s.w.s.m.m.a.RequestMappingHandlerMapping - Mapped "{[/api/v1/wechat/user/callback],methods=[GET]}" onto public void com.synway.controller.WechatController.wechatUserCallback(java.lang.String,java.lang.String,javax.servlet.http.HttpServletResponse) throws java.io.IOException
2019-09-30 17:09:44.387 [restartedMain] INFO  o.s.w.s.m.m.a.RequestMappingHandlerMapping - Mapped "{[/api/v1/wechat/order/callback]}" onto public void com.synway.controller.WechatController.orderCallback(javax.servlet.http.HttpServletRequest,javax.servlet.http.HttpServletResponse) throws java.lang.Exception
2019-09-30 17:09:44.387 [restartedMain] INFO  o.s.w.s.m.m.a.RequestMappingHandlerMapping - Mapped "{[/api/v1/wechat/login_url],methods=[GET]}" onto public com.synway.utils.JsonData com.synway.controller.WechatController.loginUrl(java.lang.String) throws java.io.UnsupportedEncodingException
2019-09-30 17:09:44.388 [restartedMain] INFO  o.s.w.s.m.m.a.RequestMappingHandlerMapping - Mapped "{[/test]}" onto public java.lang.String com.synway.test.TestController.test()
2019-09-30 17:09:44.388 [restartedMain] INFO  o.s.w.s.m.m.a.RequestMappingHandlerMapping - Mapped "{[/test_db]}" onto public com.synway.utils.JsonData com.synway.test.TestController.testDB()
2019-09-30 17:09:44.390 [restartedMain] INFO  o.s.w.s.m.m.a.RequestMappingHandlerMapping - Mapped "{[/error]}" onto public org.springframework.http.ResponseEntity<java.util.Map<java.lang.String, java.lang.Object>> org.springframework.boot.autoconfigure.web.servlet.error.BasicErrorController.error(javax.servlet.http.HttpServletRequest)
2019-09-30 17:09:44.391 [restartedMain] INFO  o.s.w.s.m.m.a.RequestMappingHandlerMapping - Mapped "{[/error],produces=[text/html]}" onto public org.springframework.web.servlet.ModelAndView org.springframework.boot.autoconfigure.web.servlet.error.BasicErrorController.errorHtml(javax.servlet.http.HttpServletRequest,javax.servlet.http.HttpServletResponse)
2019-09-30 17:09:44.435 [restartedMain] INFO  o.s.web.servlet.handler.SimpleUrlHandlerMapping - Mapped URL path [/webjars/**] onto handler of type [class org.springframework.web.servlet.resource.ResourceHttpRequestHandler]
2019-09-30 17:09:44.436 [restartedMain] INFO  o.s.web.servlet.handler.SimpleUrlHandlerMapping - Mapped URL path [/**] onto handler of type [class org.springframework.web.servlet.resource.ResourceHttpRequestHandler]
2019-09-30 17:09:44.460 [restartedMain] INFO  o.s.w.s.m.m.a.ExceptionHandlerExceptionResolver - Detected @ExceptionHandler methods in ythExceptionHandler
2019-09-30 17:09:45.752 [restartedMain] INFO  o.s.b.d.autoconfigure.OptionalLiveReloadServer - LiveReload server is running on port 35729
2019-09-30 17:09:45.795 [restartedMain] INFO  o.s.jmx.export.annotation.AnnotationMBeanExporter - Registering beans for JMX exposure on startup
2019-09-30 17:09:45.797 [restartedMain] INFO  o.s.jmx.export.annotation.AnnotationMBeanExporter - Bean with name 'dataSource' has been autodetected for JMX exposure
2019-09-30 17:09:45.802 [restartedMain] INFO  o.s.jmx.export.annotation.AnnotationMBeanExporter - Located MBean 'dataSource': registering with JMX server as MBean [com.alibaba.druid.pool:name=dataSource,type=DruidDataSource]
2019-09-30 17:09:45.826 [restartedMain] INFO  org.apache.coyote.http11.Http11NioProtocol - Starting ProtocolHandler ["http-nio-8777"]
2019-09-30 17:09:45.844 [restartedMain] INFO  org.apache.tomcat.util.net.NioSelectorPool - Using a shared selector for servlet write/read
2019-09-30 17:09:45.887 [restartedMain] INFO  o.s.boot.web.embedded.tomcat.TomcatWebServer - Tomcat started on port(s): 8777 (http) with context path '/video-server'
2019-09-30 17:09:45.893 [restartedMain] INFO  com.synway.ApplicationContext - Started ApplicationContext in 11.88 seconds (JVM running for 17.097)
2019-09-30 20:06:38.621 [Thread-33] INFO  o.s.b.w.s.c.AnnotationConfigServletWebServerApplicationContext - Closing org.springframework.boot.web.servlet.context.AnnotationConfigServletWebServerApplicationContext@203305f4: startup date [Mon Sep 30 17:09:37 CST 2019]; root of context hierarchy
2019-09-30 20:06:38.692 [Thread-33] INFO  o.s.jmx.export.annotation.AnnotationMBeanExporter - Unregistering JMX-exposed beans on shutdown
2019-09-30 20:06:38.694 [Thread-33] INFO  o.s.jmx.export.annotation.AnnotationMBeanExporter - Unregistering JMX-exposed beans
